<?xml version="1.0" encoding="UTF-8"?>
<!-- Generated by org.testng.reporters.JUnitReportReporter -->
<testsuite hostname="DESKTOP-O27SCBA" failures="0" tests="1" name="testCases.SignUpTestCase" time="35.361" errors="0" timestamp="2023-07-09T15:57:31 IST" skipped="0">
  <testcase classname="testCases.SignUpTestCase" name="VerifySignUp" time="35.361"/>
</testsuite> <!-- testCases.SignUpTestCase -->
